TN:
SF:src\errorrepository.js
FN:2,(anonymous_0)
FN:6,(anonymous_1)
FNF:2
FNH:2
FNDA:2,(anonymous_0)
FNDA:2,(anonymous_1)
DA:3,2
DA:7,2
DA:8,1
DA:10,1
LF:4
LH:4
BRDA:7,0,0,1
BRDA:7,0,1,1
BRF:2
BRH:2
end_of_record
TN:
SF:src\team.js
FN:2,(anonymous_0)
FN:6,(anonymous_1)
FN:7,(anonymous_2)
FN:15,(anonymous_3)
FN:16,(anonymous_4)
FN:23,(anonymous_5)
FNF:6
FNH:6
FNDA:5,(anonymous_0)
FNDA:4,(anonymous_1)
FNDA:1,(anonymous_2)
FNDA:3,(anonymous_3)
FNDA:6,(anonymous_4)
FNDA:1,(anonymous_5)
DA:3,5
DA:7,4
DA:8,1
DA:9,1
DA:12,3
DA:16,3
DA:17,6
DA:18,4
DA:24,1
LF:9
LH:9
BRDA:8,0,0,1
BRDA:8,0,1,0
BRDA:17,1,0,4
BRDA:17,1,1,2
BRF:4
BRH:3
end_of_record
