TN:
SF:src\errorrepository.js
FN:2,(anonymous_0)
FN:6,(anonymous_1)
FNF:2
FNH:2
FNDA:3,(anonymous_0)
FNDA:3,(anonymous_1)
DA:3,3
DA:7,3
DA:8,1
DA:10,2
DA:13,1
DA:14,1
DA:15,1
LF:7
LH:7
BRDA:7,0,0,1
BRDA:7,0,1,2
BRF:2
BRH:2
end_of_record
TN:
SF:src\team.js
FN:2,(anonymous_0)
FN:6,(anonymous_1)
FN:13,(anonymous_2)
FN:14,(anonymous_3)
FN:24,(anonymous_4)
FNF:5
FNH:5
FNDA:5,(anonymous_0)
FNDA:4,(anonymous_1)
FNDA:3,(anonymous_2)
FNDA:6,(anonymous_3)
FNDA:1,(anonymous_4)
DA:3,5
DA:7,4
DA:8,1
DA:10,3
DA:14,3
DA:15,6
DA:16,6
DA:17,9
DA:18,6
DA:25,1
LF:10
LH:10
BRDA:7,0,0,1
BRDA:7,0,1,3
BRDA:17,1,0,6
BRDA:17,1,1,3
BRF:4
BRH:4
end_of_record
